Started GET "/" for 127.0.0.1 at 2018-09-18 23:49:26 +0530
Processing by Rails::WelcomeController#index as HTML
  Rendering /home/akash/.rvm/gems/ruby-2.4.1/gems/railties-5.1.6/lib/rails/templates/rails/welcome/index.html.erb
  Rendered /home/akash/.rvm/gems/ruby-2.4.1/gems/railties-5.1.6/lib/rails/templates/rails/welcome/index.html.erb (8.5ms)
Completed 200 OK in 1003ms (Views: 37.6ms)


  [1m[35m (0.2ms)[0m  [1m[35mSET NAMES utf8,  @@SESSION.sql_mode = CONCAT(CONCAT(@@sql_mode, ',STRICT_ALL_TABLES'), ',NO_AUTO_VALUE_ON_ZERO'),  @@SESSION.sql_auto_is_null = 0, @@SESSION.wait_timeout = 2147483[0m
  [1m[35m (0.4ms)[0m  [1m[35mSET NAMES utf8,  @@SESSION.sql_mode = CONCAT(CONCAT(@@sql_mode, ',STRICT_ALL_TABLES'), ',NO_AUTO_VALUE_ON_ZERO'),  @@SESSION.sql_auto_is_null = 0, @@SESSION.wait_timeout = 2147483[0m
  [1m[35m (504.5ms)[0m  [1m[35mCREATE TABLE `schema_migrations` (`version` varchar(255) NOT NULL PRIMARY KEY) ENGINE=InnoDB[0m
  [1m[35m (334.1ms)[0m  [1m[35mCREATE TABLE `ar_internal_metadata` (`key` varchar(255) NOT NULL PRIMARY KEY, `value` varchar(255), `created_at` datetime NOT NULL, `updated_at` datetime NOT NULL) ENGINE=InnoDB[0m
  [1m[35m (19.5ms)[0m  [1m[34mSELECT GET_LOCK('3774129008071351020', 0)[0m
  [1m[35m (0.4ms)[0m  [1m[34mSELECT `schema_migrations`.`version` FROM `schema_migrations` ORDER BY `schema_migrations`.`version` ASC[0m
Migrating to CreateBlogs (20180918182008)
  [1m[35m (359.7ms)[0m  [1m[35mCREATE TABLE `blogs` (`id` bigint NOT NULL AUTO_INCREMENT PRIMARY KEY, `title` varchar(255), `description` text, `created_at` datetime NOT NULL, `updated_at` datetime NOT NULL) ENGINE=InnoDB[0m
  [1m[35m (0.6ms)[0m  [1m[35mBEGIN[0m
  [1m[35mSQL (27.0ms)[0m  [1m[32mINSERT INTO `schema_migrations` (`version`) VALUES ('20180918182008')[0m
  [1m[35m (49.3ms)[0m  [1m[35mCOMMIT[0m
  [1m[36mActiveRecord::InternalMetadata Load (1.0ms)[0m  [1m[34mSELECT  `ar_internal_metadata`.* FROM `ar_internal_metadata` WHERE `ar_internal_metadata`.`key` = 'environment' LIMIT 1[0m
  [1m[35m (0.6ms)[0m  [1m[35mBEGIN[0m
  [1m[35mSQL (1.1ms)[0m  [1m[32mINSERT INTO `ar_internal_metadata` (`key`, `value`, `created_at`, `updated_at`) VALUES ('environment', 'development', '2018-09-18 18:21:19', '2018-09-18 18:21:19')[0m
  [1m[35m (44.0ms)[0m  [1m[35mCOMMIT[0m
  [1m[35m (0.4ms)[0m  [1m[34mSELECT RELEASE_LOCK('3774129008071351020')[0m
  [1m[35m (0.4ms)[0m  [1m[34mSELECT `schema_migrations`.`version` FROM `schema_migrations` ORDER BY `schema_migrations`.`version` ASC[0m
Started GET "/blogs" for 127.0.0.1 at 2018-09-18 23:51:45 +0530
  [1m[35m (0.4ms)[0m  [1m[35mSET NAMES utf8,  @@SESSION.sql_mode = CONCAT(CONCAT(@@sql_mode, ',STRICT_ALL_TABLES'), ',NO_AUTO_VALUE_ON_ZERO'),  @@SESSION.sql_auto_is_null = 0, @@SESSION.wait_timeout = 2147483[0m
  [1m[35m (0.4ms)[0m  [1m[34mSELECT `schema_migrations`.`version` FROM `schema_migrations` ORDER BY `schema_migrations`.`version` ASC[0m
Processing by BlogsController#index as HTML
  Rendering blogs/index.html.erb within layouts/application
  [1m[36mBlog Load (0.4ms)[0m  [1m[34mSELECT `blogs`.* FROM `blogs`[0m
  Rendered blogs/index.html.erb within layouts/application (3.8ms)
Completed 200 OK in 2914ms (Views: 2904.5ms | ActiveRecord: 0.9ms)


Started GET "/blogs/new" for 127.0.0.1 at 2018-09-18 23:51:51 +0530
Processing by BlogsController#new as HTML
  Rendering blogs/new.html.erb within layouts/application
  Rendered blogs/_form.html.erb (119.0ms)
  Rendered blogs/new.html.erb within layouts/application (120.7ms)
Completed 200 OK in 212ms (Views: 155.3ms | ActiveRecord: 0.7ms)


Started POST "/blogs" for 127.0.0.1 at 2018-09-18 23:51:56 +0530
Processing by BlogsController#create as HTML
  Parameters: {"utf8"=>"✓", "authenticity_token"=>"U2OUcJhSSs37FY82lYL6Dlg3N5mKzom+g8uz1+gabWbjZddkFHqWm+S6S3fQ/ktnK0MZPki3488k/Y/wBBKAGQ==", "blog"=>{"title"=>"hasvdh", "description"=>"avsdvbash"}, "commit"=>"Create Blog"}
  [1m[35m (0.3ms)[0m  [1m[35mBEGIN[0m
  [1m[35mSQL (0.3ms)[0m  [1m[32mINSERT INTO `blogs` (`title`, `description`, `created_at`, `updated_at`) VALUES ('hasvdh', 'avsdvbash', '2018-09-18 18:21:56', '2018-09-18 18:21:56')[0m
  [1m[35m (110.0ms)[0m  [1m[35mCOMMIT[0m
Redirected to http://localhost:3000/blogs/1
Completed 302 Found in 120ms (ActiveRecord: 110.6ms)


Started GET "/blogs/1" for 127.0.0.1 at 2018-09-18 23:51:56 +0530
Processing by BlogsController#show as HTML
  Parameters: {"id"=>"1"}
  [1m[36mBlog Load (1.0ms)[0m  [1m[34mSELECT  `blogs`.* FROM `blogs` WHERE `blogs`.`id` = 1 LIMIT 1[0m
  Rendering blogs/show.html.erb within layouts/application
  Rendered blogs/show.html.erb within layouts/application (4.9ms)
Completed 200 OK in 143ms (Views: 53.7ms | ActiveRecord: 1.0ms)


Started GET "/blogs" for 127.0.0.1 at 2018-09-18 23:51:59 +0530
Processing by BlogsController#index as HTML
  Rendering blogs/index.html.erb within layouts/application
  [1m[36mBlog Load (0.6ms)[0m  [1m[34mSELECT `blogs`.* FROM `blogs`[0m
  Rendered blogs/index.html.erb within layouts/application (6.3ms)
Completed 200 OK in 40ms (Views: 35.2ms | ActiveRecord: 0.6ms)


Started GET "/blogs/1" for 127.0.0.1 at 2018-09-18 23:52:01 +0530
Processing by BlogsController#show as HTML
  Parameters: {"id"=>"1"}
  [1m[36mBlog Load (1.8ms)[0m  [1m[34mSELECT  `blogs`.* FROM `blogs` WHERE `blogs`.`id` = 1 LIMIT 1[0m
  Rendering blogs/show.html.erb within layouts/application
  Rendered blogs/show.html.erb within layouts/application (4.2ms)
Completed 200 OK in 52ms (Views: 42.2ms | ActiveRecord: 1.8ms)


Started GET "/blogs" for 127.0.0.1 at 2018-09-18 23:52:04 +0530
Processing by BlogsController#index as HTML
  Rendering blogs/index.html.erb within layouts/application
  [1m[36mBlog Load (0.8ms)[0m  [1m[34mSELECT `blogs`.* FROM `blogs`[0m
  Rendered blogs/index.html.erb within layouts/application (7.5ms)
Completed 200 OK in 46ms (Views: 40.8ms | ActiveRecord: 0.8ms)


Started GET "/blogs/1/edit" for 127.0.0.1 at 2018-09-18 23:52:05 +0530
Processing by BlogsController#edit as HTML
  Parameters: {"id"=>"1"}
  [1m[36mBlog Load (1.0ms)[0m  [1m[34mSELECT  `blogs`.* FROM `blogs` WHERE `blogs`.`id` = 1 LIMIT 1[0m
  Rendering blogs/edit.html.erb within layouts/application
  Rendered blogs/_form.html.erb (13.4ms)
  Rendered blogs/edit.html.erb within layouts/application (19.6ms)
Completed 200 OK in 79ms (Views: 71.6ms | ActiveRecord: 1.0ms)


Started PATCH "/blogs/1" for 127.0.0.1 at 2018-09-18 23:52:09 +0530
Processing by BlogsController#update as HTML
  Parameters: {"utf8"=>"✓", "authenticity_token"=>"4xkpQHaACcyPgQrvj1olONR0vHLUWtArjTUzbylsM+j80nzPDa4zec9hVKaYJB41iL0KN7RZOJwbpN7OKFRLJw==", "blog"=>{"title"=>"hasvdh", "description"=>"avsdvbashsd"}, "commit"=>"Update Blog", "id"=>"1"}
  [1m[36mBlog Load (0.6ms)[0m  [1m[34mSELECT  `blogs`.* FROM `blogs` WHERE `blogs`.`id` = 1 LIMIT 1[0m
  [1m[35m (0.6ms)[0m  [1m[35mBEGIN[0m
  [1m[35mSQL (109.0ms)[0m  [1m[33mUPDATE `blogs` SET `description` = 'avsdvbashsd', `updated_at` = '2018-09-18 18:22:09' WHERE `blogs`.`id` = 1[0m
  [1m[35m (49.9ms)[0m  [1m[35mCOMMIT[0m
Redirected to http://localhost:3000/blogs/1
Completed 302 Found in 172ms (ActiveRecord: 160.1ms)


Started GET "/blogs/1" for 127.0.0.1 at 2018-09-18 23:52:09 +0530
Processing by BlogsController#show as HTML
  Parameters: {"id"=>"1"}
  [1m[36mBlog Load (1.0ms)[0m  [1m[34mSELECT  `blogs`.* FROM `blogs` WHERE `blogs`.`id` = 1 LIMIT 1[0m
  Rendering blogs/show.html.erb within layouts/application
  Rendered blogs/show.html.erb within layouts/application (3.6ms)
Completed 200 OK in 66ms (Views: 59.5ms | ActiveRecord: 1.0ms)


Started GET "/blogs" for 127.0.0.1 at 2018-09-18 23:52:11 +0530
Processing by BlogsController#index as HTML
  Rendering blogs/index.html.erb within layouts/application
  [1m[36mBlog Load (0.7ms)[0m  [1m[34mSELECT `blogs`.* FROM `blogs`[0m
  Rendered blogs/index.html.erb within layouts/application (6.0ms)
Completed 200 OK in 41ms (Views: 35.9ms | ActiveRecord: 0.7ms)


